[0.005s] Invoking command in '/home/robot2/exp1_ws/build/visualize': CMAKE_PREFIX_PATH=/opt/ros/humble /usr/bin/cmake /home/robot2/exp1_ws/src/visualize -DCMAKE_INSTALL_PREFIX=/home/robot2/exp1_ws/install/visualize
[0.058s] -- The C compiler identification is GNU 11.4.0
[0.130s] -- The CXX compiler identification is GNU 11.4.0
[0.134s] -- Detecting C compiler ABI info
[0.220s] -- Detecting C compiler ABI info - done
[0.224s] -- Check for working C compiler: /usr/bin/cc - skipped
[0.224s] -- Detecting C compile features
[0.224s] -- Detecting C compile features - done
[0.226s] -- Detecting CXX compiler ABI info
[0.307s] -- Detecting CXX compiler ABI info - done
[0.314s] -- Check for working CXX compiler: /usr/bin/c++ - skipped
[0.315s] -- Detecting CXX compile features
[0.315s] -- Detecting CXX compile features - done
[0.316s] -- Found ament_cmake: 1.3.14 (/opt/ros/humble/share/ament_cmake/cmake)
[0.435s] -- Found Python3: /usr/bin/python3 (found version "3.10.12") found components: Interpreter 
[0.488s] -- Found ament_lint_auto: 0.12.15 (/opt/ros/humble/share/ament_lint_auto/cmake)
[0.553s] -- Added test 'flake8' to check Python code syntax and style conventions
[0.553s] -- Added test 'lint_cmake' to check CMake code style
[0.554s] -- Added test 'pep257' to check Python code against some of the docstring style conventions in PEP 257
[0.555s] -- Added test 'xmllint' to check XML markup files
[0.555s] -- Configuring done
[0.556s] -- Generating done
[0.557s] -- Build files have been written to: /home/robot2/exp1_ws/build/visualize
[0.560s] Invoked command in '/home/robot2/exp1_ws/build/visualize' returned '0': CMAKE_PREFIX_PATH=/opt/ros/humble /usr/bin/cmake /home/robot2/exp1_ws/src/visualize -DCMAKE_INSTALL_PREFIX=/home/robot2/exp1_ws/install/visualize
[0.561s] Invoking command in '/home/robot2/exp1_ws/build/visualize': CMAKE_PREFIX_PATH=/opt/ros/humble /usr/bin/cmake --build /home/robot2/exp1_ws/build/visualize -- -j24 -l24
[0.595s] Invoked command in '/home/robot2/exp1_ws/build/visualize' returned '0': CMAKE_PREFIX_PATH=/opt/ros/humble /usr/bin/cmake --build /home/robot2/exp1_ws/build/visualize -- -j24 -l24
[0.600s] Invoking command in '/home/robot2/exp1_ws/build/visualize': CMAKE_PREFIX_PATH=/opt/ros/humble /usr/bin/cmake --install /home/robot2/exp1_ws/build/visualize
[0.608s] -- Install configuration: ""
[0.608s] -- Installing: /home/robot2/exp1_ws/install/visualize/share/ament_index/resource_index/package_run_dependencies/visualize
[0.608s] -- Installing: /home/robot2/exp1_ws/install/visualize/share/ament_index/resource_index/parent_prefix_path/visualize
[0.608s] -- Installing: /home/robot2/exp1_ws/install/visualize/share/visualize/environment/ament_prefix_path.sh
[0.608s] -- Installing: /home/robot2/exp1_ws/install/visualize/share/visualize/environment/ament_prefix_path.dsv
[0.609s] -- Installing: /home/robot2/exp1_ws/install/visualize/share/visualize/environment/path.sh
[0.609s] -- Installing: /home/robot2/exp1_ws/install/visualize/share/visualize/environment/path.dsv
[0.609s] -- Installing: /home/robot2/exp1_ws/install/visualize/share/visualize/local_setup.bash
[0.609s] -- Installing: /home/robot2/exp1_ws/install/visualize/share/visualize/local_setup.sh
[0.609s] -- Installing: /home/robot2/exp1_ws/install/visualize/share/visualize/local_setup.zsh
[0.609s] -- Installing: /home/robot2/exp1_ws/install/visualize/share/visualize/local_setup.dsv
[0.609s] -- Installing: /home/robot2/exp1_ws/install/visualize/share/visualize/package.dsv
[0.610s] -- Installing: /home/robot2/exp1_ws/install/visualize/share/ament_index/resource_index/packages/visualize
[0.610s] -- Installing: /home/robot2/exp1_ws/install/visualize/share/visualize/cmake/visualizeConfig.cmake
[0.610s] -- Installing: /home/robot2/exp1_ws/install/visualize/share/visualize/cmake/visualizeConfig-version.cmake
[0.610s] -- Installing: /home/robot2/exp1_ws/install/visualize/share/visualize/package.xml
[0.615s] Invoked command in '/home/robot2/exp1_ws/build/visualize' returned '0': CMAKE_PREFIX_PATH=/opt/ros/humble /usr/bin/cmake --install /home/robot2/exp1_ws/build/visualize
