[0.006s] Invoking command in '/home/robot2/exp1_ws/build/visualize': CMAKE_PREFIX_PATH=${CMAKE_PREFIX_PATH}:/opt/ros/humble /usr/bin/cmake --build /home/robot2/exp1_ws/build/visualize -- -j24 -l24
[0.025s] -- Found ament_cmake: 1.3.14 (/opt/ros/humble/share/ament_cmake/cmake)
[0.116s] -- Found ament_lint_auto: 0.12.15 (/opt/ros/humble/share/ament_lint_auto/cmake)
[0.159s] -- Added test 'flake8' to check Python code syntax and style conventions
[0.159s] -- Added test 'lint_cmake' to check CMake code style
[0.159s] -- Added test 'pep257' to check Python code against some of the docstring style conventions in PEP 257
[0.160s] -- Added test 'xmllint' to check XML markup files
[0.161s] -- Found rclcpp: 16.0.19 (/opt/ros/humble/share/rclcpp/cmake)
[0.179s] -- Found rosidl_generator_c: 3.1.8 (/opt/ros/humble/share/rosidl_generator_c/cmake)
[0.181s] -- Found rosidl_adapter: 3.1.8 (/opt/ros/humble/share/rosidl_adapter/cmake)
[0.185s] -- Found rosidl_generator_cpp: 3.1.8 (/opt/ros/humble/share/rosidl_generator_cpp/cmake)
[0.191s] -- Using all available rosidl_typesupport_c: rosidl_typesupport_fastrtps_c;rosidl_typesupport_introspection_c
[0.198s] -- Using all available rosidl_typesupport_cpp: rosidl_typesupport_fastrtps_cpp;rosidl_typesupport_introspection_cpp
[0.222s] -- Found rmw_implementation_cmake: 6.1.2 (/opt/ros/humble/share/rmw_implementation_cmake/cmake)
[0.223s] -- Found rmw_fastrtps_cpp: 6.2.10 (/opt/ros/humble/share/rmw_fastrtps_cpp/cmake)
[0.286s] -- Found OpenSSL: /usr/lib/x86_64-linux-gnu/libcrypto.so (found version "3.0.2")  
[0.328s] -- Found FastRTPS: /opt/ros/humble/include  
[0.354s] -- Using RMW implementation 'rmw_fastrtps_cpp' as default
[0.359s] -- Looking for pthread.h
[0.438s] -- Looking for pthread.h - found
[0.439s] -- Performing Test CMAKE_HAVE_LIBC_PTHREAD
[0.500s] -- Performing Test CMAKE_HAVE_LIBC_PTHREAD - Success
[0.501s] -- Found Threads: TRUE  
[0.550s] -- Found rclpy: 3.3.21 (/opt/ros/humble/share/rclpy/cmake)
[0.550s] -- Configuring done
[0.552s] -- Generating done
[0.553s] -- Build files have been written to: /home/robot2/exp1_ws/build/visualize
[0.568s] Invoked command in '/home/robot2/exp1_ws/build/visualize' returned '0': CMAKE_PREFIX_PATH=${CMAKE_PREFIX_PATH}:/opt/ros/humble /usr/bin/cmake --build /home/robot2/exp1_ws/build/visualize -- -j24 -l24
[0.575s] Invoking command in '/home/robot2/exp1_ws/build/visualize': CMAKE_PREFIX_PATH=${CMAKE_PREFIX_PATH}:/opt/ros/humble /usr/bin/cmake --install /home/robot2/exp1_ws/build/visualize
[0.583s] -- Install configuration: ""
[0.583s] -- Up-to-date: /home/robot2/exp1_ws/install/visualize/share/ament_index/resource_index/package_run_dependencies/visualize
[0.583s] -- Installing: /home/robot2/exp1_ws/install/visualize/share/ament_index/resource_index/parent_prefix_path/visualize
[0.583s] -- Up-to-date: /home/robot2/exp1_ws/install/visualize/share/visualize/environment/ament_prefix_path.sh
[0.583s] -- Installing: /home/robot2/exp1_ws/install/visualize/share/visualize/environment/ament_prefix_path.dsv
[0.583s] -- Up-to-date: /home/robot2/exp1_ws/install/visualize/share/visualize/environment/path.sh
[0.583s] -- Installing: /home/robot2/exp1_ws/install/visualize/share/visualize/environment/path.dsv
[0.583s] -- Up-to-date: /home/robot2/exp1_ws/install/visualize/share/visualize/local_setup.bash
[0.583s] -- Up-to-date: /home/robot2/exp1_ws/install/visualize/share/visualize/local_setup.sh
[0.583s] -- Up-to-date: /home/robot2/exp1_ws/install/visualize/share/visualize/local_setup.zsh
[0.583s] -- Installing: /home/robot2/exp1_ws/install/visualize/share/visualize/local_setup.dsv
[0.583s] -- Installing: /home/robot2/exp1_ws/install/visualize/share/visualize/package.dsv
[0.584s] -- Up-to-date: /home/robot2/exp1_ws/install/visualize/share/ament_index/resource_index/packages/visualize
[0.584s] -- Up-to-date: /home/robot2/exp1_ws/install/visualize/share/visualize/cmake/visualizeConfig.cmake
[0.584s] -- Up-to-date: /home/robot2/exp1_ws/install/visualize/share/visualize/cmake/visualizeConfig-version.cmake
[0.584s] -- Up-to-date: /home/robot2/exp1_ws/install/visualize/share/visualize/package.xml
[0.584s] -- Installing: /home/robot2/exp1_ws/install/visualize/share/visualize/launch
[0.584s] -- Installing: /home/robot2/exp1_ws/install/visualize/share/visualize/launch/rviz_vis.launch.py
[0.584s] -- Installing: /home/robot2/exp1_ws/install/visualize/share/visualize/robot_description
[0.584s] -- Installing: /home/robot2/exp1_ws/install/visualize/share/visualize/robot_description/ur3
[0.584s] -- Installing: /home/robot2/exp1_ws/install/visualize/share/visualize/robot_description/ur3/ur3.xacro
[0.584s] -- Installing: /home/robot2/exp1_ws/install/visualize/share/visualize/robot_description/ur3/meshes
[0.584s] -- Installing: /home/robot2/exp1_ws/install/visualize/share/visualize/robot_description/ur3/meshes/visual
[0.584s] -- Installing: /home/robot2/exp1_ws/install/visualize/share/visualize/robot_description/ur3/meshes/visual/base.dae
[0.584s] -- Installing: /home/robot2/exp1_ws/install/visualize/share/visualize/robot_description/ur3/meshes/visual/upperarm.dae
[0.586s] -- Installing: /home/robot2/exp1_ws/install/visualize/share/visualize/robot_description/ur3/meshes/visual/wrist3.dae
[0.586s] -- Installing: /home/robot2/exp1_ws/install/visualize/share/visualize/robot_description/ur3/meshes/visual/wrist1.dae
[0.586s] -- Installing: /home/robot2/exp1_ws/install/visualize/share/visualize/robot_description/ur3/meshes/visual/shoulder.dae
[0.587s] -- Installing: /home/robot2/exp1_ws/install/visualize/share/visualize/robot_description/ur3/meshes/visual/wrist2.dae
[0.588s] -- Installing: /home/robot2/exp1_ws/install/visualize/share/visualize/robot_description/ur3/meshes/visual/forearm.dae
[0.588s] -- Installing: /home/robot2/exp1_ws/install/visualize/share/visualize/robot_description/ur3/meshes/collision
[0.588s] -- Installing: /home/robot2/exp1_ws/install/visualize/share/visualize/robot_description/ur3/meshes/collision/wrist2.stl
[0.588s] -- Installing: /home/robot2/exp1_ws/install/visualize/share/visualize/robot_description/ur3/meshes/collision/forearm.stl
[0.588s] -- Installing: /home/robot2/exp1_ws/install/visualize/share/visualize/robot_description/ur3/meshes/collision/shoulder.stl
[0.589s] -- Installing: /home/robot2/exp1_ws/install/visualize/share/visualize/robot_description/ur3/meshes/collision/wrist3.stl
[0.589s] -- Installing: /home/robot2/exp1_ws/install/visualize/share/visualize/robot_description/ur3/meshes/collision/wrist1.stl
[0.589s] -- Installing: /home/robot2/exp1_ws/install/visualize/share/visualize/robot_description/ur3/meshes/collision/base.stl
[0.589s] -- Installing: /home/robot2/exp1_ws/install/visualize/share/visualize/robot_description/ur3/meshes/collision/upperarm.stl
[0.590s] -- Installing: /home/robot2/exp1_ws/install/visualize/lib/visualize/rviz_visualize.py
[0.590s] Invoked command in '/home/robot2/exp1_ws/build/visualize' returned '0': CMAKE_PREFIX_PATH=${CMAKE_PREFIX_PATH}:/opt/ros/humble /usr/bin/cmake --install /home/robot2/exp1_ws/build/visualize
